06-12-2022 21:59:43 [FRAMEWORK] [INFO]: Initializing Test Automation Framework...
06-12-2022 21:59:43 [FRAMEWORK] [INFO]: Setting environment variables...
06-12-2022 21:59:43 [FRAMEWORK] [INFO]: Emptying logs directory...
06-12-2022 21:59:43 [FRAMEWORK] [INFO]: Log files removed...
06-12-2022 21:59:48 [FRAMEWORK] [INFO]: Initialising Test Data Publisher...
06-12-2022 21:59:48 [FRAMEWORK] [INFO]: [PageObjectTest] has been added to dataSubscribers...
06-12-2022 21:59:48 [FRAMEWORK] [INFO]: [ApiMux] has been added to dataSubscribers...
06-12-2022 21:59:48 [FRAMEWORK] [INFO]: Retrieving test data for: [LOCAL]
06-12-2022 21:59:48 [FRAMEWORK] [INFO]: Publishing test data to observers
06-12-2022 21:59:48 [FRAMEWORK] [INFO]: [PageObjectTest] Receiving test data...[targetUrl,defaultUser,secondaryUser,globalTestUser]
06-12-2022 21:59:48 [FRAMEWORK] [INFO]: [ApiMux] Receiving test data...[targetUrl,defaultUser,secondaryUser,globalTestUser]
06-12-2022 21:59:48 [FRAMEWORK] [INFO]: Env variable at test file is: LOCAL
06-12-2022 21:59:48 [FRAMEWORK] [INFO]: CURRENT TEST DATA: {"targetUrl":"https://playwright.dev/","defaultUser":{"userId":"11111","password":"password2"},"secondaryUser":{"userId":"11111XX","password":"password23"},"globalTestUser":{"userId":"11111XXX","password":"password25"}}
06-12-2022 21:59:48 [FRAMEWORK] [INFO]: Initialising Test Data Publisher...
06-12-2022 21:59:48 [FRAMEWORK] [INFO]: [PageObjectTest] has been added to dataSubscribers...
06-12-2022 21:59:48 [FRAMEWORK] [INFO]: [ApiMux] has been added to dataSubscribers...
06-12-2022 21:59:48 [FRAMEWORK] [INFO]: Retrieving test data for: [LOCAL]
06-12-2022 21:59:48 [FRAMEWORK] [INFO]: Publishing test data to observers
06-12-2022 21:59:48 [FRAMEWORK] [INFO]: [PageObjectTest] Receiving test data...[targetUrl,defaultUser,secondaryUser,globalTestUser]
06-12-2022 21:59:48 [FRAMEWORK] [INFO]: [ApiMux] Receiving test data...[targetUrl,defaultUser,secondaryUser,globalTestUser]
06-12-2022 21:59:48 [FRAMEWORK] [INFO]: Env variable at test file is: LOCAL
06-12-2022 21:59:48 [FRAMEWORK] [INFO]: CURRENT TEST DATA: {"targetUrl":"https://playwright.dev/","defaultUser":{"userId":"11111","password":"password2"},"secondaryUser":{"userId":"11111XX","password":"password23"},"globalTestUser":{"userId":"11111XXX","password":"password25"}}
06-12-2022 21:59:48 [FRAMEWORK] [INFO]: [ApiMux] Sending request to API...[https://jsonplaceholder.typicode.com/todos/1]
06-12-2022 21:59:54 [FRAMEWORK] [INFO]: Initialising Test Data Publisher...
06-12-2022 21:59:54 [FRAMEWORK] [INFO]: [PageObjectTest] has been added to dataSubscribers...
06-12-2022 21:59:54 [FRAMEWORK] [INFO]: [ApiMux] has been added to dataSubscribers...
06-12-2022 21:59:54 [FRAMEWORK] [INFO]: Retrieving test data for: [LOCAL]
06-12-2022 21:59:54 [FRAMEWORK] [INFO]: Publishing test data to observers
06-12-2022 21:59:54 [FRAMEWORK] [INFO]: [PageObjectTest] Receiving test data...[targetUrl,defaultUser,secondaryUser,globalTestUser]
06-12-2022 21:59:54 [FRAMEWORK] [INFO]: [ApiMux] Receiving test data...[targetUrl,defaultUser,secondaryUser,globalTestUser]
06-12-2022 21:59:54 [FRAMEWORK] [INFO]: Env variable at test file is: LOCAL
06-12-2022 21:59:54 [FRAMEWORK] [INFO]: CURRENT TEST DATA: {"targetUrl":"https://playwright.dev/","defaultUser":{"userId":"11111","password":"password2"},"secondaryUser":{"userId":"11111XX","password":"password23"},"globalTestUser":{"userId":"11111XXX","password":"password25"}}
06-12-2022 21:59:54 [FRAMEWORK] [INFO]: Initialising Test Data Publisher...
06-12-2022 21:59:54 [FRAMEWORK] [INFO]: [PageObjectTest] has been added to dataSubscribers...
06-12-2022 21:59:54 [FRAMEWORK] [INFO]: [ApiMux] has been added to dataSubscribers...
06-12-2022 21:59:54 [FRAMEWORK] [INFO]: Retrieving test data for: [LOCAL]
06-12-2022 21:59:54 [FRAMEWORK] [INFO]: Publishing test data to observers
06-12-2022 21:59:54 [FRAMEWORK] [INFO]: [PageObjectTest] Receiving test data...[targetUrl,defaultUser,secondaryUser,globalTestUser]
06-12-2022 21:59:54 [FRAMEWORK] [INFO]: [ApiMux] Receiving test data...[targetUrl,defaultUser,secondaryUser,globalTestUser]
06-12-2022 21:59:54 [FRAMEWORK] [INFO]: Env variable at test file is: LOCAL
06-12-2022 21:59:54 [FRAMEWORK] [INFO]: CURRENT TEST DATA: {"targetUrl":"https://playwright.dev/","defaultUser":{"userId":"11111","password":"password2"},"secondaryUser":{"userId":"11111XX","password":"password23"},"globalTestUser":{"userId":"11111XXX","password":"password25"}}
06-12-2022 21:59:54 [FRAMEWORK] [INFO]: [ApiMux] Sending request to API...[https://jsonplaceholder.typicode.com/todos/1]
06-12-2022 21:59:58 [FRAMEWORK] [INFO]: Initialising Test Data Publisher...
06-12-2022 21:59:58 [FRAMEWORK] [INFO]: [PageObjectTest] has been added to dataSubscribers...
06-12-2022 21:59:58 [FRAMEWORK] [INFO]: [ApiMux] has been added to dataSubscribers...
06-12-2022 21:59:58 [FRAMEWORK] [INFO]: Retrieving test data for: [LOCAL]
06-12-2022 21:59:58 [FRAMEWORK] [INFO]: Publishing test data to observers
06-12-2022 21:59:58 [FRAMEWORK] [INFO]: [PageObjectTest] Receiving test data...[targetUrl,defaultUser,secondaryUser,globalTestUser]
06-12-2022 21:59:58 [FRAMEWORK] [INFO]: [ApiMux] Receiving test data...[targetUrl,defaultUser,secondaryUser,globalTestUser]
06-12-2022 21:59:58 [FRAMEWORK] [INFO]: Env variable at test file is: LOCAL
06-12-2022 21:59:58 [FRAMEWORK] [INFO]: CURRENT TEST DATA: {"targetUrl":"https://playwright.dev/","defaultUser":{"userId":"11111","password":"password2"},"secondaryUser":{"userId":"11111XX","password":"password23"},"globalTestUser":{"userId":"11111XXX","password":"password25"}}
06-12-2022 21:59:58 [FRAMEWORK] [INFO]: Initialising Test Data Publisher...
06-12-2022 21:59:58 [FRAMEWORK] [INFO]: [PageObjectTest] has been added to dataSubscribers...
06-12-2022 21:59:58 [FRAMEWORK] [INFO]: [ApiMux] has been added to dataSubscribers...
06-12-2022 21:59:58 [FRAMEWORK] [INFO]: Retrieving test data for: [LOCAL]
06-12-2022 21:59:58 [FRAMEWORK] [INFO]: Publishing test data to observers
06-12-2022 21:59:58 [FRAMEWORK] [INFO]: [PageObjectTest] Receiving test data...[targetUrl,defaultUser,secondaryUser,globalTestUser]
06-12-2022 21:59:58 [FRAMEWORK] [INFO]: [ApiMux] Receiving test data...[targetUrl,defaultUser,secondaryUser,globalTestUser]
06-12-2022 21:59:58 [FRAMEWORK] [INFO]: Env variable at test file is: LOCAL
06-12-2022 21:59:58 [FRAMEWORK] [INFO]: CURRENT TEST DATA: {"targetUrl":"https://playwright.dev/","defaultUser":{"userId":"11111","password":"password2"},"secondaryUser":{"userId":"11111XX","password":"password23"},"globalTestUser":{"userId":"11111XXX","password":"password25"}}
06-12-2022 21:59:58 [FRAMEWORK] [INFO]: [ApiMux] Sending request to API...[https://jsonplaceholder.typicode.com/todos/1]
